2025-01-17 23:54:34,837 - __main__ - INFO - Initializing Calculator Application
2025-01-17 23:55:11,278 - __main__ - INFO - MATLAB engine started successfully
2025-01-17 23:55:37,937 - __main__ - DEBUG - Original expression: 'int 1/x dx'
2025-01-17 23:55:37,940 - __main__ - DEBUG - Original expression: 'int 1/x dx'
2025-01-17 23:55:37,943 - __main__ - DEBUG - After combinatorial conversion: int 1/x dx
2025-01-17 23:55:37,944 - __main__ - DEBUG - Converted integral expression: 'int(1/x, x)'
2025-01-17 23:55:37,945 - __main__ - DEBUG - After explicit multiplication: 'int(1/x, x)'
2025-01-17 23:55:37,945 - __main__ - DEBUG - Final MATLAB expression: 'int(1/x, x)'
2025-01-17 23:55:37,945 - __main__ - DEBUG - Converted to SymPy expression: 'int(1/x, x)'
2025-01-17 23:55:37,945 - __main__ - DEBUG - Converted to MATLAB expression: 'int(1/x, x)'
2025-01-17 23:55:37,950 - __main__ - DEBUG - After shortcut conversion: int(1/x, x)
2025-01-17 23:55:37,951 - __main__ - DEBUG - Final MATLAB expression: 'int(1/x, x)'
2025-01-17 23:55:38,544 - __main__ - DEBUG - Raw result from MATLAB: 'log(x)'
2025-01-17 23:55:38,545 - __main__ - DEBUG - Displayed Result: ln(x)
2025-01-17 23:55:55,014 - __main__ - DEBUG - Original expression: 'prod (1 to inf) (-1/2)^x'
2025-01-17 23:55:55,016 - __main__ - DEBUG - Original expression: 'prod (1 to inf) (-1/2)^x'
2025-01-17 23:55:55,016 - __main__ - DEBUG - After combinatorial conversion: prod (1 to inf) (-1/2)^x
2025-01-17 23:55:55,016 - __main__ - DEBUG - Converted integral expression: 'prod (1 to inf) (-1/2)^x'
2025-01-17 23:55:55,016 - __main__ - DEBUG - After explicit multiplication: 'prod (1 to inf) (-1/2)^x'
2025-01-17 23:55:55,016 - __main__ - DEBUG - Final MATLAB expression: 'prod (1 to inf) (-1/2)^x'
2025-01-17 23:55:55,016 - __main__ - DEBUG - Converted to SymPy expression: 'prod (1 to inf) (-1/2)^x'
2025-01-17 23:55:55,016 - __main__ - DEBUG - Converted to MATLAB expression: 'prod (1 to inf) (-1/2)^x'
2025-01-17 23:55:55,017 - __main__ - DEBUG - After shortcut conversion: limit(symprod((-1/2)^x, x, 1, Inf), x, Inf)
2025-01-17 23:55:55,017 - __main__ - DEBUG - Final MATLAB expression: 'limit(symprod((-1/2)^x, x, 1, Inf), x, Inf)'
2025-01-17 23:55:55,473 - __main__ - DEBUG - Raw result from MATLAB: '0.000'
2025-01-17 23:55:55,473 - __main__ - DEBUG - Displayed Result: 0.000
